<?xml version="1.0" encoding="UTF-8"?>
<!-- Generated by org.testng.reporters.JUnitXMLReporter -->
<testsuite ignored="0" hostname="Mukil" failures="0" tests="4" name="TestNG" time="65.636" errors="0" timestamp="2023-02-02T22:48:10 EST">
  <testcase classname="testLayer.LoginTest" name="Title" time="3.028"/>
  <testcase classname="testLayer.LoginTest" name="Login" time="10.227"/>
  <testcase classname="testLayer.LoginTest" name="Login" time="10.161"/>
  <testcase classname="testLayer.LoginTest" name="Login" time="9.962"/>
</testsuite> <!-- TestNG -->
