<?xml version="1.0" encoding="UTF-8"?>
<!-- Generated by org.testng.reporters.JUnitXMLReporter -->
<testsuite ignored="0" hostname="Mukil" failures="0" tests="4" name="Default test" time="69.963" errors="0" timestamp="2023-02-02T22:20:04 EST">
  <testcase classname="testLayer.LoginTest" name="Title" time="3.024"/>
  <testcase classname="testLayer.LoginTest" name="Login" time="10.317"/>
  <testcase classname="testLayer.LoginTest" name="Login" time="10.172"/>
  <testcase classname="testLayer.LoginTest" name="Login" time="10.021"/>
</testsuite> <!-- Default test -->
