<?xml version="1.0" encoding="UTF-8"?>
<testng-results ignored="0" total="4" passed="4" failed="0" skipped="0">
  <reporter-output>
  </reporter-output>
  <suite started-at="2023-02-02T22:47:04 EST" name="OrangeHRM" finished-at="2023-02-02T22:48:10 EST" duration-ms="65636">
    <groups>
    </groups>
    <test started-at="2023-02-02T22:47:04 EST" name="TestNG" finished-at="2023-02-02T22:48:10 EST" duration-ms="65636">
      <class name="testLayer.LoginTest">
        <test-method is-config="true" signature="initsetup()[pri:0, instance:testLayer.LoginTest@6eda5c9]" started-at="2023-02-02T22:47:04 EST" name="initsetup" finished-at="2023-02-02T22:47:14 EST" duration-ms="10308" status="PASS">
          <reporter-output>
          </reporter-output>
        </test-method> <!-- initsetup -->
        <test-method signature="Title()[pri:1, instance:testLayer.LoginTest@6eda5c9]" started-at="2023-02-02T22:47:14 EST" name="Title" finished-at="2023-02-02T22:47:17 EST" duration-ms="3028" status="PASS">
          <reporter-output>
          </reporter-output>
        </test-method> <!-- Title -->
        <test-method is-config="true" signature="close()[pri:0, instance:testLayer.LoginTest@6eda5c9]" started-at="2023-02-02T22:47:17 EST" name="close" finished-at="2023-02-02T22:47:17 EST" duration-ms="91" status="PASS">
          <reporter-output>
          </reporter-output>
        </test-method> <!-- close -->
        <test-method is-config="true" signature="initsetup()[pri:0, instance:testLayer.LoginTest@6eda5c9]" started-at="2023-02-02T22:47:18 EST" name="initsetup" finished-at="2023-02-02T22:47:25 EST" duration-ms="7289" status="PASS">
          <reporter-output>
          </reporter-output>
        </test-method> <!-- initsetup -->
        <test-method signature="Login(java.lang.String,java.lang.String)[pri:2, instance:testLayer.LoginTest@6eda5c9]" started-at="2023-02-02T22:47:25 EST" name="Login" data-provider="Details" finished-at="2023-02-02T22:47:36 EST" duration-ms="10227" status="PASS">
          <params>
            <param index="0">
              <value>
                <![CDATA[Admin]]>
              </value>
            </param>
            <param index="1">
              <value>
                <![CDATA[admin123]]>
              </value>
            </param>
          </params>
          <reporter-output>
          </reporter-output>
        </test-method> <!-- Login -->
        <test-method is-config="true" signature="close()[pri:0, instance:testLayer.LoginTest@6eda5c9]" started-at="2023-02-02T22:47:36 EST" name="close" finished-at="2023-02-02T22:47:36 EST" duration-ms="116" status="PASS">
          <reporter-output>
          </reporter-output>
        </test-method> <!-- close -->
        <test-method is-config="true" signature="initsetup()[pri:0, instance:testLayer.LoginTest@6eda5c9]" started-at="2023-02-02T22:47:36 EST" name="initsetup" finished-at="2023-02-02T22:47:41 EST" duration-ms="5791" status="PASS">
          <reporter-output>
          </reporter-output>
        </test-method> <!-- initsetup -->
        <test-method signature="Login(java.lang.String,java.lang.String)[pri:2, instance:testLayer.LoginTest@6eda5c9]" started-at="2023-02-02T22:47:41 EST" name="Login" data-provider="Details" finished-at="2023-02-02T22:47:52 EST" duration-ms="10161" status="PASS">
          <params>
            <param index="0">
              <value>
                <![CDATA[Admin]]>
              </value>
            </param>
            <param index="1">
              <value>
                <![CDATA[abcd]]>
              </value>
            </param>
          </params>
          <reporter-output>
          </reporter-output>
        </test-method> <!-- Login -->
        <test-method is-config="true" signature="close()[pri:0, instance:testLayer.LoginTest@6eda5c9]" started-at="2023-02-02T22:47:52 EST" name="close" finished-at="2023-02-02T22:47:52 EST" duration-ms="163" status="PASS">
          <reporter-output>
          </reporter-output>
        </test-method> <!-- close -->
        <test-method is-config="true" signature="initsetup()[pri:0, instance:testLayer.LoginTest@6eda5c9]" started-at="2023-02-02T22:47:52 EST" name="initsetup" finished-at="2023-02-02T22:47:59 EST" duration-ms="7747" status="PASS">
          <reporter-output>
          </reporter-output>
        </test-method> <!-- initsetup -->
        <test-method signature="Login(java.lang.String,java.lang.String)[pri:2, instance:testLayer.LoginTest@6eda5c9]" started-at="2023-02-02T22:47:59 EST" name="Login" data-provider="Details" finished-at="2023-02-02T22:48:09 EST" duration-ms="9962" status="PASS">
          <params>
            <param index="0">
              <value>
                <![CDATA[ascott]]>
              </value>
            </param>
            <param index="1">
              <value>
                <![CDATA[xyz]]>
              </value>
            </param>
          </params>
          <reporter-output>
          </reporter-output>
        </test-method> <!-- Login -->
        <test-method is-config="true" signature="close()[pri:0, instance:testLayer.LoginTest@6eda5c9]" started-at="2023-02-02T22:48:09 EST" name="close" finished-at="2023-02-02T22:48:10 EST" duration-ms="196" status="PASS">
          <reporter-output>
          </reporter-output>
        </test-method> <!-- close -->
      </class> <!-- testLayer.LoginTest -->
    </test> <!-- TestNG -->
  </suite> <!-- OrangeHRM -->
</testng-results>
